<?xml version="1.0" encoding="UTF-8"?>
<coverage generated="1723551659360" clover="3.2.0">
  <project timestamp="1723551659360" name="All files">
    <metrics statements="182" coveredstatements="179" conditionals="40" coveredconditionals="30" methods="33" coveredmethods="30" elements="255" coveredelements="239" complexity="0" loc="182" ncloc="182" packages="1" files="1" classes="1"/>
    <file name="script.js" path="C:\Users\Dell\Desktop\TDD-Javascript\script.js">
      <metrics statements="182" coveredstatements="179" conditionals="40" coveredconditionals="30" methods="33" coveredmethods="30"/>
      <line num="1" count="19" type="stmt"/>
      <line num="2" count="19" type="stmt"/>
      <line num="4" count="19" type="stmt"/>
      <line num="5" count="2" type="stmt"/>
      <line num="9" count="19" type="stmt"/>
      <line num="10" count="19" type="stmt"/>
      <line num="11" count="19" type="stmt"/>
      <line num="12" count="19" type="stmt"/>
      <line num="13" count="19" type="stmt"/>
      <line num="14" count="19" type="stmt"/>
      <line num="15" count="19" type="stmt"/>
      <line num="16" count="19" type="stmt"/>
      <line num="17" count="19" type="stmt"/>
      <line num="18" count="19" type="stmt"/>
      <line num="21" count="19" type="stmt"/>
      <line num="22" count="19" type="stmt"/>
      <line num="23" count="19" type="stmt"/>
      <line num="24" count="19" type="stmt"/>
      <line num="25" count="19" type="stmt"/>
      <line num="26" count="19" type="stmt"/>
      <line num="27" count="19" type="stmt"/>
      <line num="28" count="19" type="stmt"/>
      <line num="31" count="19" type="stmt"/>
      <line num="32" count="19" type="stmt"/>
      <line num="35" count="19" type="stmt"/>
      <line num="36" count="19" type="stmt"/>
      <line num="37" count="19" type="stmt"/>
      <line num="38" count="19" type="stmt"/>
      <line num="39" count="19" type="stmt"/>
      <line num="40" count="19" type="stmt"/>
      <line num="41" count="0" type="stmt"/>
      <line num="43" count="19" type="stmt"/>
      <line num="44" count="19" type="stmt"/>
      <line num="45" count="2" type="stmt"/>
      <line num="46" count="2" type="stmt"/>
      <line num="47" count="2" type="stmt"/>
      <line num="48" count="2" type="stmt"/>
      <line num="49" count="2" type="stmt"/>
      <line num="50" count="2" type="stmt"/>
      <line num="52" count="19" type="stmt"/>
      <line num="53" count="2" type="stmt"/>
      <line num="54" count="2" type="stmt"/>
      <line num="55" count="2" type="stmt"/>
      <line num="56" count="2" type="stmt"/>
      <line num="57" count="2" type="stmt"/>
      <line num="58" count="2" type="stmt"/>
      <line num="60" count="19" type="stmt"/>
      <line num="61" count="19" type="stmt"/>
      <line num="62" count="19" type="stmt"/>
      <line num="63" count="19" type="stmt"/>
      <line num="66" count="9" type="stmt"/>
      <line num="71" count="74" type="stmt"/>
      <line num="72" count="74" type="cond" truecount="2" falsecount="0"/>
      <line num="77" count="2" type="stmt"/>
      <line num="78" count="2" type="stmt"/>
      <line num="79" count="2" type="stmt"/>
      <line num="85" count="2" type="stmt"/>
      <line num="86" count="2" type="stmt"/>
      <line num="87" count="2" type="stmt"/>
      <line num="88" count="2" type="stmt"/>
      <line num="89" count="2" type="stmt"/>
      <line num="93" count="25" type="stmt"/>
      <line num="94" count="25" type="stmt"/>
      <line num="95" count="25" type="stmt"/>
      <line num="96" count="18" type="stmt"/>
      <line num="97" count="18" type="stmt"/>
      <line num="107" count="18" type="stmt"/>
      <line num="112" count="3" type="stmt"/>
      <line num="113" count="3" type="cond" truecount="2" falsecount="0"/>
      <line num="114" count="1" type="stmt"/>
      <line num="115" count="2" type="cond" truecount="1" falsecount="1"/>
      <line num="116" count="2" type="stmt"/>
      <line num="121" count="2" type="stmt"/>
      <line num="122" count="2" type="stmt"/>
      <line num="123" count="2" type="stmt"/>
      <line num="124" count="2" type="stmt"/>
      <line num="125" count="2" type="stmt"/>
      <line num="126" count="2" type="stmt"/>
      <line num="127" count="2" type="stmt"/>
      <line num="131" count="4" type="stmt"/>
      <line num="132" count="4" type="stmt"/>
      <line num="133" count="4" type="stmt"/>
      <line num="134" count="4" type="stmt"/>
      <line num="139" count="1" type="stmt"/>
      <line num="140" count="1" type="stmt"/>
      <line num="144" count="1" type="stmt"/>
      <line num="145" count="1" type="stmt"/>
      <line num="146" count="1" type="stmt"/>
      <line num="147" count="1" type="stmt"/>
      <line num="148" count="1" type="stmt"/>
      <line num="152" count="24" type="stmt"/>
      <line num="153" count="24" type="stmt"/>
      <line num="154" count="24" type="stmt"/>
      <line num="155" count="15" type="stmt"/>
      <line num="156" count="15" type="stmt"/>
      <line num="164" count="15" type="stmt"/>
      <line num="169" count="5" type="stmt"/>
      <line num="170" count="5" type="cond" truecount="2" falsecount="0"/>
      <line num="171" count="1" type="stmt"/>
      <line num="172" count="4" type="cond" truecount="2" falsecount="0"/>
      <line num="173" count="1" type="stmt"/>
      <line num="174" count="3" type="cond" truecount="1" falsecount="1"/>
      <line num="175" count="3" type="stmt"/>
      <line num="180" count="4" type="stmt"/>
      <line num="181" count="4" type="stmt"/>
      <line num="182" count="4" type="stmt"/>
      <line num="185" count="3" type="stmt"/>
      <line num="186" count="3" type="stmt"/>
      <line num="190" count="2" type="stmt"/>
      <line num="191" count="2" type="stmt"/>
      <line num="193" count="2" type="stmt"/>
      <line num="194" count="2" type="stmt"/>
      <line num="196" count="2" type="cond" truecount="2" falsecount="0"/>
      <line num="197" count="1" type="cond" truecount="1" falsecount="1"/>
      <line num="198" count="1" type="stmt"/>
      <line num="199" count="1" type="stmt"/>
      <line num="201" count="1" type="cond" truecount="1" falsecount="1"/>
      <line num="202" count="1" type="stmt"/>
      <line num="203" count="1" type="cond" truecount="1" falsecount="1"/>
      <line num="204" count="0" type="stmt"/>
      <line num="205" count="0" type="stmt"/>
      <line num="209" count="2" type="stmt"/>
      <line num="210" count="2" type="stmt"/>
      <line num="213" count="5" type="stmt"/>
      <line num="214" count="5" type="cond" truecount="1" falsecount="1"/>
      <line num="215" count="5" type="cond" truecount="1" falsecount="1"/>
      <line num="217" count="5" type="stmt"/>
      <line num="219" count="5" type="cond" truecount="2" falsecount="0"/>
      <line num="220" count="4" type="stmt"/>
      <line num="221" count="4" type="cond" truecount="1" falsecount="1"/>
      <line num="222" count="4" type="stmt"/>
      <line num="223" count="4" type="stmt"/>
      <line num="224" count="6" type="cond" truecount="6" falsecount="0"/>
      <line num="226" count="3" type="stmt"/>
      <line num="227" count="3" type="stmt"/>
      <line num="228" count="3" type="stmt"/>
      <line num="229" count="3" type="stmt"/>
      <line num="234" count="1" type="stmt"/>
      <line num="235" count="1" type="stmt"/>
      <line num="236" count="1" type="stmt"/>
      <line num="237" count="1" type="stmt"/>
      <line num="238" count="1" type="stmt"/>
      <line num="245" count="1" type="stmt"/>
      <line num="246" count="1" type="stmt"/>
      <line num="250" count="1" type="stmt"/>
      <line num="251" count="1" type="stmt"/>
      <line num="254" count="3" type="stmt"/>
      <line num="255" count="3" type="stmt"/>
      <line num="256" count="3" type="stmt"/>
      <line num="257" count="3" type="stmt"/>
      <line num="258" count="3" type="stmt"/>
      <line num="259" count="3" type="stmt"/>
      <line num="260" count="4" type="stmt"/>
      <line num="261" count="4" type="stmt"/>
      <line num="262" count="4" type="stmt"/>
      <line num="266" count="1" type="stmt"/>
      <line num="267" count="1" type="stmt"/>
      <line num="268" count="1" type="stmt"/>
      <line num="269" count="1" type="stmt"/>
      <line num="273" count="19" type="stmt"/>
      <line num="274" count="13" type="stmt"/>
      <line num="275" count="13" type="stmt"/>
      <line num="278" count="13" type="stmt"/>
      <line num="279" count="13" type="stmt"/>
      <line num="280" count="13" type="stmt"/>
      <line num="283" count="13" type="stmt"/>
      <line num="286" count="13" type="stmt"/>
      <line num="287" count="13" type="cond" truecount="1" falsecount="1"/>
      <line num="288" count="13" type="stmt"/>
      <line num="292" count="13" type="stmt"/>
      <line num="293" count="39" type="stmt"/>
      <line num="294" count="39" type="stmt"/>
      <line num="295" count="39" type="stmt"/>
      <line num="296" count="39" type="stmt"/>
      <line num="297" count="39" type="stmt"/>
      <line num="299" count="39" type="stmt"/>
      <line num="300" count="39" type="cond" truecount="1" falsecount="1"/>
      <line num="301" count="39" type="stmt"/>
      <line num="303" count="39" type="stmt"/>
      <line num="304" count="117" type="stmt"/>
      <line num="307" count="39" type="stmt"/>
      <line num="312" count="19" type="stmt"/>
    </file>
  </project>
</coverage>
