<?xml version="1.0" encoding="UTF-8"?>
<coverage generated="1723463631718" clover="3.2.0">
  <project timestamp="1723463631718" name="All files">
    <metrics statements="144" coveredstatements="107" conditionals="24" coveredconditionals="6" methods="27" coveredmethods="21" elements="195" coveredelements="134" complexity="0" loc="144" ncloc="144" packages="1" files="1" classes="1"/>
    <file name="script.js" path="C:\Users\Dell\Desktop\TDD-Javascript\script.js">
      <metrics statements="144" coveredstatements="107" conditionals="24" coveredconditionals="6" methods="27" coveredmethods="21"/>
      <line num="1" count="16" type="stmt"/>
      <line num="2" count="16" type="stmt"/>
      <line num="4" count="16" type="stmt"/>
      <line num="5" count="2" type="stmt"/>
      <line num="9" count="16" type="stmt"/>
      <line num="10" count="16" type="stmt"/>
      <line num="11" count="16" type="stmt"/>
      <line num="12" count="16" type="stmt"/>
      <line num="13" count="16" type="stmt"/>
      <line num="14" count="16" type="stmt"/>
      <line num="15" count="16" type="stmt"/>
      <line num="18" count="16" type="stmt"/>
      <line num="19" count="16" type="stmt"/>
      <line num="20" count="16" type="stmt"/>
      <line num="21" count="16" type="stmt"/>
      <line num="22" count="16" type="stmt"/>
      <line num="23" count="16" type="stmt"/>
      <line num="26" count="16" type="stmt"/>
      <line num="27" count="16" type="stmt"/>
      <line num="30" count="16" type="stmt"/>
      <line num="31" count="16" type="stmt"/>
      <line num="32" count="16" type="stmt"/>
      <line num="33" count="16" type="stmt"/>
      <line num="34" count="16" type="stmt"/>
      <line num="35" count="16" type="stmt"/>
      <line num="39" count="9" type="stmt"/>
      <line num="44" count="61" type="stmt"/>
      <line num="45" count="61" type="cond" truecount="2" falsecount="0"/>
      <line num="50" count="2" type="stmt"/>
      <line num="51" count="2" type="stmt"/>
      <line num="57" count="2" type="stmt"/>
      <line num="58" count="2" type="stmt"/>
      <line num="59" count="2" type="stmt"/>
      <line num="60" count="2" type="stmt"/>
      <line num="61" count="2" type="stmt"/>
      <line num="65" count="25" type="stmt"/>
      <line num="66" count="25" type="stmt"/>
      <line num="67" count="25" type="stmt"/>
      <line num="68" count="18" type="stmt"/>
      <line num="69" count="18" type="stmt"/>
      <line num="79" count="18" type="stmt"/>
      <line num="84" count="2" type="stmt"/>
      <line num="85" count="2" type="cond" truecount="2" falsecount="0"/>
      <line num="86" count="1" type="stmt"/>
      <line num="87" count="1" type="cond" truecount="1" falsecount="1"/>
      <line num="88" count="1" type="stmt"/>
      <line num="93" count="2" type="stmt"/>
      <line num="94" count="2" type="stmt"/>
      <line num="95" count="2" type="stmt"/>
      <line num="96" count="2" type="stmt"/>
      <line num="97" count="2" type="stmt"/>
      <line num="98" count="2" type="stmt"/>
      <line num="99" count="2" type="stmt"/>
      <line num="103" count="4" type="stmt"/>
      <line num="104" count="4" type="stmt"/>
      <line num="105" count="4" type="stmt"/>
      <line num="106" count="4" type="stmt"/>
      <line num="111" count="1" type="stmt"/>
      <line num="112" count="1" type="stmt"/>
      <line num="116" count="1" type="stmt"/>
      <line num="117" count="1" type="stmt"/>
      <line num="118" count="1" type="stmt"/>
      <line num="119" count="1" type="stmt"/>
      <line num="120" count="1" type="stmt"/>
      <line num="124" count="21" type="stmt"/>
      <line num="125" count="21" type="stmt"/>
      <line num="126" count="21" type="stmt"/>
      <line num="127" count="12" type="stmt"/>
      <line num="128" count="12" type="stmt"/>
      <line num="137" count="12" type="stmt"/>
      <line num="142" count="0" type="stmt"/>
      <line num="143" count="0" type="cond" truecount="0" falsecount="2"/>
      <line num="144" count="0" type="stmt"/>
      <line num="145" count="0" type="cond" truecount="0" falsecount="2"/>
      <line num="146" count="0" type="stmt"/>
      <line num="147" count="0" type="cond" truecount="0" falsecount="2"/>
      <line num="148" count="0" type="stmt"/>
      <line num="149" count="0" type="cond" truecount="0" falsecount="2"/>
      <line num="150" count="0" type="stmt"/>
      <line num="155" count="1" type="stmt"/>
      <line num="156" count="1" type="stmt"/>
      <line num="157" count="1" type="stmt"/>
      <line num="161" count="0" type="stmt"/>
      <line num="165" count="0" type="stmt"/>
      <line num="166" count="0" type="stmt"/>
      <line num="167" count="0" type="stmt"/>
      <line num="168" count="0" type="stmt"/>
      <line num="170" count="0" type="stmt"/>
      <line num="171" count="0" type="cond" truecount="0" falsecount="2"/>
      <line num="172" count="0" type="stmt"/>
      <line num="173" count="0" type="cond" truecount="0" falsecount="2"/>
      <line num="174" count="0" type="stmt"/>
      <line num="175" count="0" type="stmt"/>
      <line num="177" count="0" type="cond" truecount="0" falsecount="2"/>
      <line num="178" count="0" type="stmt"/>
      <line num="179" count="0" type="stmt"/>
      <line num="180" count="0" type="cond" truecount="0" falsecount="2"/>
      <line num="181" count="0" type="stmt"/>
      <line num="182" count="0" type="stmt"/>
      <line num="185" count="0" type="stmt"/>
      <line num="186" count="0" type="stmt"/>
      <line num="190" count="2" type="stmt"/>
      <line num="191" count="2" type="cond" truecount="1" falsecount="1"/>
      <line num="192" count="2" type="stmt"/>
      <line num="193" count="2" type="stmt"/>
      <line num="194" count="1" type="stmt"/>
      <line num="195" count="1" type="stmt"/>
      <line num="196" count="1" type="stmt"/>
      <line num="197" count="1" type="stmt"/>
      <line num="202" count="0" type="stmt"/>
      <line num="203" count="0" type="stmt"/>
      <line num="207" count="0" type="stmt"/>
      <line num="211" count="1" type="stmt"/>
      <line num="212" count="1" type="stmt"/>
      <line num="213" count="1" type="stmt"/>
      <line num="214" count="0" type="stmt"/>
      <line num="215" count="0" type="stmt"/>
      <line num="216" count="0" type="stmt"/>
      <line num="217" count="0" type="stmt"/>
      <line num="218" count="0" type="stmt"/>
      <line num="219" count="0" type="stmt"/>
      <line num="224" count="1" type="stmt"/>
      <line num="225" count="1" type="stmt"/>
      <line num="226" count="1" type="stmt"/>
      <line num="227" count="1" type="stmt"/>
      <line num="231" count="2" type="stmt"/>
      <line num="232" count="2" type="stmt"/>
      <line num="233" count="2" type="stmt"/>
      <line num="234" count="2" type="stmt"/>
      <line num="238" count="16" type="stmt"/>
      <line num="239" count="14" type="stmt"/>
      <line num="240" count="14" type="stmt"/>
      <line num="241" count="14" type="stmt"/>
      <line num="242" count="14" type="stmt"/>
      <line num="243" count="14" type="stmt"/>
      <line num="245" count="14" type="stmt"/>
      <line num="246" count="42" type="stmt"/>
      <line num="247" count="42" type="stmt"/>
      <line num="248" count="42" type="stmt"/>
      <line num="249" count="42" type="stmt"/>
      <line num="250" count="42" type="stmt"/>
      <line num="252" count="42" type="stmt"/>
      <line num="253" count="42" type="stmt"/>
      <line num="258" count="16" type="stmt"/>
    </file>
  </project>
</coverage>
