{"C:\\Users\\Dell\\Desktop\\TDD-Javascript\\script.js": {"path":"C:\\Users\\Dell\\Desktop\\TDD-Javascript\\script.js","statementMap":{"0":{"start":{"line":1,"column":16},"end":{"line":1,"column":50}},"1":{"start":{"line":2,"column":13},"end":{"line":2,"column":52}},"2":{"start":{"line":4,"column":0},"end":{"line":6,"column":3}},"3":{"start":{"line":5,"column":4},"end":{"line":5,"column":39}},"4":{"start":{"line":9,"column":22},"end":{"line":9,"column":57}},"5":{"start":{"line":10,"column":23},"end":{"line":10,"column":59}},"6":{"start":{"line":11,"column":22},"end":{"line":11,"column":57}},"7":{"start":{"line":12,"column":21},"end":{"line":12,"column":55}},"8":{"start":{"line":13,"column":20},"end":{"line":13,"column":60}},"9":{"start":{"line":14,"column":23},"end":{"line":14,"column":66}},"10":{"start":{"line":15,"column":18},"end":{"line":15,"column":54}},"11":{"start":{"line":16,"column":22},"end":{"line":16,"column":62}},"12":{"start":{"line":17,"column":24},"end":{"line":17,"column":58}},"13":{"start":{"line":18,"column":21},"end":{"line":18,"column":60}},"14":{"start":{"line":21,"column":23},"end":{"line":21,"column":59}},"15":{"start":{"line":22,"column":24},"end":{"line":22,"column":66}},"16":{"start":{"line":23,"column":24},"end":{"line":23,"column":68}},"17":{"start":{"line":24,"column":28},"end":{"line":24,"column":74}},"18":{"start":{"line":25,"column":22},"end":{"line":25,"column":64}},"19":{"start":{"line":26,"column":25},"end":{"line":26,"column":70}},"20":{"start":{"line":27,"column":21},"end":{"line":27,"column":58}},"21":{"start":{"line":28,"column":21},"end":{"line":28,"column":58}},"22":{"start":{"line":31,"column":27},"end":{"line":31,"column":72}},"23":{"start":{"line":32,"column":23},"end":{"line":32,"column":64}},"24":{"start":{"line":35,"column":0},"end":{"line":35,"column":56}},"25":{"start":{"line":36,"column":0},"end":{"line":36,"column":68}},"26":{"start":{"line":37,"column":0},"end":{"line":37,"column":62}},"27":{"start":{"line":38,"column":0},"end":{"line":38,"column":48}},"28":{"start":{"line":39,"column":0},"end":{"line":39,"column":43}},"29":{"start":{"line":40,"column":0},"end":{"line":42,"column":2}},"30":{"start":{"line":41,"column":0},"end":{"line":41,"column":35}},"31":{"start":{"line":43,"column":0},"end":{"line":43,"column":60}},"32":{"start":{"line":44,"column":0},"end":{"line":51,"column":3}},"33":{"start":{"line":45,"column":4},"end":{"line":45,"column":39}},"34":{"start":{"line":46,"column":4},"end":{"line":46,"column":70}},"35":{"start":{"line":47,"column":4},"end":{"line":47,"column":76}},"36":{"start":{"line":48,"column":4},"end":{"line":48,"column":77}},"37":{"start":{"line":49,"column":20},"end":{"line":49,"column":67}},"38":{"start":{"line":50,"column":4},"end":{"line":50,"column":39}},"39":{"start":{"line":52,"column":0},"end":{"line":59,"column":3}},"40":{"start":{"line":53,"column":4},"end":{"line":53,"column":39}},"41":{"start":{"line":54,"column":4},"end":{"line":54,"column":70}},"42":{"start":{"line":55,"column":4},"end":{"line":55,"column":74}},"43":{"start":{"line":56,"column":4},"end":{"line":56,"column":79}},"44":{"start":{"line":57,"column":20},"end":{"line":57,"column":67}},"45":{"start":{"line":58,"column":4},"end":{"line":58,"column":42}},"46":{"start":{"line":60,"column":0},"end":{"line":60,"column":107}},"47":{"start":{"line":60,"column":79},"end":{"line":60,"column":105}},"48":{"start":{"line":61,"column":0},"end":{"line":61,"column":113}},"49":{"start":{"line":61,"column":82},"end":{"line":61,"column":111}},"50":{"start":{"line":62,"column":0},"end":{"line":62,"column":62}},"51":{"start":{"line":63,"column":0},"end":{"line":63,"column":58}},"52":{"start":{"line":66,"column":4},"end":{"line":66,"column":52}},"53":{"start":{"line":71,"column":17},"end":{"line":71,"column":42}},"54":{"start":{"line":72,"column":4},"end":{"line":72,"column":40}},"55":{"start":{"line":77,"column":4},"end":{"line":77,"column":27}},"56":{"start":{"line":78,"column":4},"end":{"line":78,"column":38}},"57":{"start":{"line":79,"column":17},"end":{"line":84,"column":5}},"58":{"start":{"line":85,"column":18},"end":{"line":85,"column":47}},"59":{"start":{"line":86,"column":4},"end":{"line":86,"column":21}},"60":{"start":{"line":87,"column":4},"end":{"line":87,"column":39}},"61":{"start":{"line":88,"column":4},"end":{"line":88,"column":18}},"62":{"start":{"line":89,"column":4},"end":{"line":89,"column":24}},"63":{"start":{"line":93,"column":18},"end":{"line":93,"column":47}},"64":{"start":{"line":94,"column":4},"end":{"line":94,"column":34}},"65":{"start":{"line":95,"column":4},"end":{"line":108,"column":7}},"66":{"start":{"line":96,"column":20},"end":{"line":96,"column":48}},"67":{"start":{"line":97,"column":8},"end":{"line":106,"column":10}},"68":{"start":{"line":107,"column":8},"end":{"line":107,"column":40}},"69":{"start":{"line":112,"column":18},"end":{"line":112,"column":44}},"70":{"start":{"line":113,"column":4},"end":{"line":117,"column":5}},"71":{"start":{"line":114,"column":8},"end":{"line":114,"column":24}},"72":{"start":{"line":115,"column":11},"end":{"line":117,"column":5}},"73":{"start":{"line":116,"column":8},"end":{"line":116,"column":26}},"74":{"start":{"line":121,"column":18},"end":{"line":121,"column":47}},"75":{"start":{"line":122,"column":17},"end":{"line":122,"column":29}},"76":{"start":{"line":123,"column":4},"end":{"line":123,"column":40}},"77":{"start":{"line":124,"column":4},"end":{"line":124,"column":42}},"78":{"start":{"line":125,"column":4},"end":{"line":125,"column":40}},"79":{"start":{"line":126,"column":4},"end":{"line":126,"column":38}},"80":{"start":{"line":127,"column":4},"end":{"line":127,"column":22}},"81":{"start":{"line":131,"column":18},"end":{"line":131,"column":47}},"82":{"start":{"line":132,"column":4},"end":{"line":132,"column":27}},"83":{"start":{"line":133,"column":4},"end":{"line":133,"column":39}},"84":{"start":{"line":134,"column":4},"end":{"line":134,"column":18}},"85":{"start":{"line":139,"column":4},"end":{"line":139,"column":27}},"86":{"start":{"line":140,"column":18},"end":{"line":143,"column":5}},"87":{"start":{"line":144,"column":19},"end":{"line":144,"column":49}},"88":{"start":{"line":145,"column":4},"end":{"line":145,"column":23}},"89":{"start":{"line":146,"column":4},"end":{"line":146,"column":41}},"90":{"start":{"line":147,"column":4},"end":{"line":147,"column":19}},"91":{"start":{"line":148,"column":4},"end":{"line":148,"column":28}},"92":{"start":{"line":152,"column":19},"end":{"line":152,"column":49}},"93":{"start":{"line":153,"column":4},"end":{"line":153,"column":35}},"94":{"start":{"line":154,"column":4},"end":{"line":165,"column":7}},"95":{"start":{"line":155,"column":20},"end":{"line":155,"column":48}},"96":{"start":{"line":156,"column":8},"end":{"line":163,"column":10}},"97":{"start":{"line":164,"column":8},"end":{"line":164,"column":41}},"98":{"start":{"line":169,"column":18},"end":{"line":169,"column":44}},"99":{"start":{"line":170,"column":4},"end":{"line":176,"column":5}},"100":{"start":{"line":171,"column":8},"end":{"line":171,"column":34}},"101":{"start":{"line":172,"column":11},"end":{"line":176,"column":5}},"102":{"start":{"line":173,"column":8},"end":{"line":173,"column":27}},"103":{"start":{"line":174,"column":11},"end":{"line":176,"column":5}},"104":{"start":{"line":175,"column":8},"end":{"line":175,"column":38}},"105":{"start":{"line":180,"column":4},"end":{"line":180,"column":47}},"106":{"start":{"line":181,"column":4},"end":{"line":181,"column":62}},"107":{"start":{"line":182,"column":4},"end":{"line":182,"column":69}},"108":{"start":{"line":185,"column":4},"end":{"line":185,"column":46}},"109":{"start":{"line":186,"column":4},"end":{"line":186,"column":39}},"110":{"start":{"line":190,"column":20},"end":{"line":190,"column":67}},"111":{"start":{"line":191,"column":21},"end":{"line":191,"column":64}},"112":{"start":{"line":193,"column":19},"end":{"line":193,"column":49}},"113":{"start":{"line":194,"column":18},"end":{"line":194,"column":33}},"114":{"start":{"line":196,"column":4},"end":{"line":207,"column":5}},"115":{"start":{"line":197,"column":8},"end":{"line":200,"column":9}},"116":{"start":{"line":198,"column":12},"end":{"line":198,"column":39}},"117":{"start":{"line":199,"column":12},"end":{"line":199,"column":49}},"118":{"start":{"line":201,"column":11},"end":{"line":207,"column":5}},"119":{"start":{"line":202,"column":26},"end":{"line":202,"column":55}},"120":{"start":{"line":203,"column":8},"end":{"line":206,"column":9}},"121":{"start":{"line":204,"column":12},"end":{"line":204,"column":45}},"122":{"start":{"line":205,"column":12},"end":{"line":205,"column":49}},"123":{"start":{"line":209,"column":4},"end":{"line":209,"column":30}},"124":{"start":{"line":210,"column":4},"end":{"line":210,"column":19}},"125":{"start":{"line":213,"column":23},"end":{"line":213,"column":60}},"126":{"start":{"line":214,"column":18},"end":{"line":214,"column":53}},"127":{"start":{"line":215,"column":19},"end":{"line":215,"column":55}},"128":{"start":{"line":217,"column":4},"end":{"line":217,"column":67}},"129":{"start":{"line":219,"column":4},"end":{"line":240,"column":5}},"130":{"start":{"line":220,"column":22},"end":{"line":220,"column":37}},"131":{"start":{"line":221,"column":8},"end":{"line":232,"column":9}},"132":{"start":{"line":222,"column":33},"end":{"line":222,"column":44}},"133":{"start":{"line":223,"column":12},"end":{"line":231,"column":15}},"134":{"start":{"line":224,"column":16},"end":{"line":230,"column":17}},"135":{"start":{"line":226,"column":35},"end":{"line":226,"column":67}},"136":{"start":{"line":227,"column":20},"end":{"line":227,"column":49}},"137":{"start":{"line":228,"column":20},"end":{"line":228,"column":60}},"138":{"start":{"line":229,"column":20},"end":{"line":229,"column":51}},"139":{"start":{"line":234,"column":8},"end":{"line":239,"column":11}},"140":{"start":{"line":235,"column":27},"end":{"line":235,"column":59}},"141":{"start":{"line":236,"column":12},"end":{"line":236,"column":41}},"142":{"start":{"line":237,"column":12},"end":{"line":237,"column":52}},"143":{"start":{"line":238,"column":12},"end":{"line":238,"column":43}},"144":{"start":{"line":245,"column":4},"end":{"line":245,"column":43}},"145":{"start":{"line":246,"column":4},"end":{"line":246,"column":33}},"146":{"start":{"line":250,"column":4},"end":{"line":250,"column":42}},"147":{"start":{"line":251,"column":4},"end":{"line":251,"column":39}},"148":{"start":{"line":254,"column":19},"end":{"line":254,"column":49}},"149":{"start":{"line":255,"column":18},"end":{"line":255,"column":33}},"150":{"start":{"line":256,"column":4},"end":{"line":256,"column":88}},"151":{"start":{"line":257,"column":21},"end":{"line":257,"column":56}},"152":{"start":{"line":258,"column":4},"end":{"line":258,"column":28}},"153":{"start":{"line":259,"column":4},"end":{"line":263,"column":7}},"154":{"start":{"line":260,"column":25},"end":{"line":260,"column":53}},"155":{"start":{"line":261,"column":8},"end":{"line":261,"column":40}},"156":{"start":{"line":262,"column":8},"end":{"line":262,"column":39}},"157":{"start":{"line":266,"column":19},"end":{"line":266,"column":49}},"158":{"start":{"line":267,"column":4},"end":{"line":267,"column":28}},"159":{"start":{"line":268,"column":4},"end":{"line":268,"column":41}},"160":{"start":{"line":269,"column":4},"end":{"line":269,"column":19}},"161":{"start":{"line":273,"column":0},"end":{"line":311,"column":3}},"162":{"start":{"line":274,"column":4},"end":{"line":274,"column":18}},"163":{"start":{"line":275,"column":4},"end":{"line":275,"column":19}},"164":{"start":{"line":278,"column":27},"end":{"line":278,"column":69}},"165":{"start":{"line":279,"column":28},"end":{"line":279,"column":71}},"166":{"start":{"line":280,"column":27},"end":{"line":280,"column":69}},"167":{"start":{"line":283,"column":4},"end":{"line":283,"column":43}},"168":{"start":{"line":286,"column":24},"end":{"line":286,"column":91}},"169":{"start":{"line":287,"column":4},"end":{"line":289,"column":5}},"170":{"start":{"line":288,"column":8},"end":{"line":288,"column":46}},"171":{"start":{"line":292,"column":4},"end":{"line":310,"column":7}},"172":{"start":{"line":293,"column":8},"end":{"line":309,"column":11}},"173":{"start":{"line":294,"column":12},"end":{"line":294,"column":35}},"174":{"start":{"line":295,"column":12},"end":{"line":295,"column":54}},"175":{"start":{"line":296,"column":12},"end":{"line":296,"column":55}},"176":{"start":{"line":297,"column":12},"end":{"line":297,"column":54}},"177":{"start":{"line":299,"column":27},"end":{"line":299,"column":76}},"178":{"start":{"line":300,"column":12},"end":{"line":308,"column":13}},"179":{"start":{"line":301,"column":16},"end":{"line":301,"column":47}},"180":{"start":{"line":303,"column":16},"end":{"line":305,"column":19}},"181":{"start":{"line":304,"column":20},"end":{"line":304,"column":57}},"182":{"start":{"line":307,"column":16},"end":{"line":307,"column":47}},"183":{"start":{"line":312,"column":0},"end":{"line":327,"column":1}}},"fnMap":{"0":{"name":"(anonymous_0)","decl":{"start":{"line":4,"column":31},"end":{"line":4,"column":32}},"loc":{"start":{"line":4,"column":37},"end":{"line":6,"column":1}},"line":4},"1":{"name":"(anonymous_1)","decl":{"start":{"line":40,"column":41},"end":{"line":40,"column":42}},"loc":{"start":{"line":40,"column":45},"end":{"line":42,"column":1}},"line":40},"2":{"name":"(anonymous_2)","decl":{"start":{"line":44,"column":40},"end":{"line":44,"column":41}},"loc":{"start":{"line":44,"column":46},"end":{"line":51,"column":1}},"line":44},"3":{"name":"(anonymous_3)","decl":{"start":{"line":52,"column":43},"end":{"line":52,"column":44}},"loc":{"start":{"line":52,"column":49},"end":{"line":59,"column":1}},"line":52},"4":{"name":"(anonymous_4)","decl":{"start":{"line":60,"column":73},"end":{"line":60,"column":74}},"loc":{"start":{"line":60,"column":79},"end":{"line":60,"column":105}},"line":60},"5":{"name":"(anonymous_5)","decl":{"start":{"line":61,"column":76},"end":{"line":61,"column":77}},"loc":{"start":{"line":61,"column":82},"end":{"line":61,"column":111}},"line":61},"6":{"name":"saveToLocalStorage","decl":{"start":{"line":65,"column":9},"end":{"line":65,"column":27}},"loc":{"start":{"line":65,"column":39},"end":{"line":67,"column":1}},"line":65},"7":{"name":"loadFromLocalStorage","decl":{"start":{"line":70,"column":9},"end":{"line":70,"column":29}},"loc":{"start":{"line":70,"column":35},"end":{"line":73,"column":1}},"line":70},"8":{"name":"addUser","decl":{"start":{"line":76,"column":9},"end":{"line":76,"column":16}},"loc":{"start":{"line":76,"column":24},"end":{"line":90,"column":1}},"line":76},"9":{"name":"renderUsers","decl":{"start":{"line":92,"column":9},"end":{"line":92,"column":20}},"loc":{"start":{"line":92,"column":23},"end":{"line":109,"column":1}},"line":92},"10":{"name":"(anonymous_10)","decl":{"start":{"line":95,"column":18},"end":{"line":95,"column":19}},"loc":{"start":{"line":95,"column":35},"end":{"line":108,"column":5}},"line":95},"11":{"name":"handleUserActions","decl":{"start":{"line":111,"column":9},"end":{"line":111,"column":26}},"loc":{"start":{"line":111,"column":34},"end":{"line":118,"column":1}},"line":111},"12":{"name":"editUser","decl":{"start":{"line":120,"column":9},"end":{"line":120,"column":17}},"loc":{"start":{"line":120,"column":25},"end":{"line":128,"column":1}},"line":120},"13":{"name":"deleteUser","decl":{"start":{"line":130,"column":9},"end":{"line":130,"column":19}},"loc":{"start":{"line":130,"column":27},"end":{"line":135,"column":1}},"line":130},"14":{"name":"createGroup","decl":{"start":{"line":138,"column":9},"end":{"line":138,"column":20}},"loc":{"start":{"line":138,"column":28},"end":{"line":149,"column":1}},"line":138},"15":{"name":"renderGroups","decl":{"start":{"line":151,"column":9},"end":{"line":151,"column":21}},"loc":{"start":{"line":151,"column":24},"end":{"line":166,"column":1}},"line":151},"16":{"name":"(anonymous_16)","decl":{"start":{"line":154,"column":19},"end":{"line":154,"column":20}},"loc":{"start":{"line":154,"column":37},"end":{"line":165,"column":5}},"line":154},"17":{"name":"handleGroupActions","decl":{"start":{"line":168,"column":9},"end":{"line":168,"column":27}},"loc":{"start":{"line":168,"column":35},"end":{"line":177,"column":1}},"line":168},"18":{"name":"openAddRemoveUserModal","decl":{"start":{"line":179,"column":9},"end":{"line":179,"column":31}},"loc":{"start":{"line":179,"column":41},"end":{"line":183,"column":1}},"line":179},"19":{"name":"closeAddRemoveUserModal","decl":{"start":{"line":184,"column":9},"end":{"line":184,"column":32}},"loc":{"start":{"line":184,"column":35},"end":{"line":187,"column":1}},"line":184},"20":{"name":"handleAddRemoveUser","decl":{"start":{"line":189,"column":9},"end":{"line":189,"column":28}},"loc":{"start":{"line":189,"column":37},"end":{"line":211,"column":1}},"line":189},"21":{"name":"populateUserSelect","decl":{"start":{"line":212,"column":9},"end":{"line":212,"column":27}},"loc":{"start":{"line":212,"column":57},"end":{"line":241,"column":1}},"line":212},"22":{"name":"(anonymous_22)","decl":{"start":{"line":223,"column":26},"end":{"line":223,"column":27}},"loc":{"start":{"line":223,"column":34},"end":{"line":231,"column":13}},"line":223},"23":{"name":"(anonymous_23)","decl":{"start":{"line":234,"column":22},"end":{"line":234,"column":23}},"loc":{"start":{"line":234,"column":30},"end":{"line":239,"column":9}},"line":234},"24":{"name":"openViewGroupModal","decl":{"start":{"line":244,"column":9},"end":{"line":244,"column":27}},"loc":{"start":{"line":244,"column":37},"end":{"line":247,"column":1}},"line":244},"25":{"name":"closeViewGroupModal","decl":{"start":{"line":249,"column":9},"end":{"line":249,"column":28}},"loc":{"start":{"line":249,"column":31},"end":{"line":252,"column":1}},"line":249},"26":{"name":"displayGroupDetails","decl":{"start":{"line":253,"column":9},"end":{"line":253,"column":28}},"loc":{"start":{"line":253,"column":38},"end":{"line":264,"column":1}},"line":253},"27":{"name":"(anonymous_27)","decl":{"start":{"line":259,"column":24},"end":{"line":259,"column":25}},"loc":{"start":{"line":259,"column":36},"end":{"line":263,"column":5}},"line":259},"28":{"name":"deleteGroup","decl":{"start":{"line":265,"column":9},"end":{"line":265,"column":20}},"loc":{"start":{"line":265,"column":28},"end":{"line":270,"column":1}},"line":265},"29":{"name":"(anonymous_29)","decl":{"start":{"line":273,"column":46},"end":{"line":273,"column":47}},"loc":{"start":{"line":273,"column":52},"end":{"line":311,"column":1}},"line":273},"30":{"name":"(anonymous_30)","decl":{"start":{"line":292,"column":58},"end":{"line":292,"column":59}},"loc":{"start":{"line":292,"column":66},"end":{"line":310,"column":5}},"line":292},"31":{"name":"(anonymous_31)","decl":{"start":{"line":293,"column":39},"end":{"line":293,"column":40}},"loc":{"start":{"line":293,"column":55},"end":{"line":309,"column":9}},"line":293},"32":{"name":"(anonymous_32)","decl":{"start":{"line":303,"column":70},"end":{"line":303,"column":71}},"loc":{"start":{"line":303,"column":81},"end":{"line":305,"column":17}},"line":303}},"branchMap":{"0":{"loc":{"start":{"line":72,"column":11},"end":{"line":72,"column":39}},"type":"cond-expr","locations":[{"start":{"line":72,"column":18},"end":{"line":72,"column":34}},{"start":{"line":72,"column":37},"end":{"line":72,"column":39}}],"line":72},"1":{"loc":{"start":{"line":113,"column":4},"end":{"line":117,"column":5}},"type":"if","locations":[{"start":{"line":113,"column":4},"end":{"line":117,"column":5}},{"start":{"line":115,"column":11},"end":{"line":117,"column":5}}],"line":113},"2":{"loc":{"start":{"line":115,"column":11},"end":{"line":117,"column":5}},"type":"if","locations":[{"start":{"line":115,"column":11},"end":{"line":117,"column":5}},{"start":{},"end":{}}],"line":115},"3":{"loc":{"start":{"line":170,"column":4},"end":{"line":176,"column":5}},"type":"if","locations":[{"start":{"line":170,"column":4},"end":{"line":176,"column":5}},{"start":{"line":172,"column":11},"end":{"line":176,"column":5}}],"line":170},"4":{"loc":{"start":{"line":172,"column":11},"end":{"line":176,"column":5}},"type":"if","locations":[{"start":{"line":172,"column":11},"end":{"line":176,"column":5}},{"start":{"line":174,"column":11},"end":{"line":176,"column":5}}],"line":172},"5":{"loc":{"start":{"line":174,"column":11},"end":{"line":176,"column":5}},"type":"if","locations":[{"start":{"line":174,"column":11},"end":{"line":176,"column":5}},{"start":{},"end":{}}],"line":174},"6":{"loc":{"start":{"line":196,"column":4},"end":{"line":207,"column":5}},"type":"if","locations":[{"start":{"line":196,"column":4},"end":{"line":207,"column":5}},{"start":{"line":201,"column":11},"end":{"line":207,"column":5}}],"line":196},"7":{"loc":{"start":{"line":197,"column":8},"end":{"line":200,"column":9}},"type":"if","locations":[{"start":{"line":197,"column":8},"end":{"line":200,"column":9}},{"start":{},"end":{}}],"line":197},"8":{"loc":{"start":{"line":201,"column":11},"end":{"line":207,"column":5}},"type":"if","locations":[{"start":{"line":201,"column":11},"end":{"line":207,"column":5}},{"start":{},"end":{}}],"line":201},"9":{"loc":{"start":{"line":203,"column":8},"end":{"line":206,"column":9}},"type":"if","locations":[{"start":{"line":203,"column":8},"end":{"line":206,"column":9}},{"start":{},"end":{}}],"line":203},"10":{"loc":{"start":{"line":212,"column":28},"end":{"line":212,"column":42}},"type":"default-arg","locations":[{"start":{"line":212,"column":38},"end":{"line":212,"column":42}}],"line":212},"11":{"loc":{"start":{"line":212,"column":44},"end":{"line":212,"column":55}},"type":"default-arg","locations":[{"start":{"line":212,"column":53},"end":{"line":212,"column":55}}],"line":212},"12":{"loc":{"start":{"line":214,"column":18},"end":{"line":214,"column":53}},"type":"binary-expr","locations":[{"start":{"line":214,"column":18},"end":{"line":214,"column":47}},{"start":{"line":214,"column":51},"end":{"line":214,"column":53}}],"line":214},"13":{"loc":{"start":{"line":215,"column":19},"end":{"line":215,"column":55}},"type":"binary-expr","locations":[{"start":{"line":215,"column":19},"end":{"line":215,"column":49}},{"start":{"line":215,"column":53},"end":{"line":215,"column":55}}],"line":215},"14":{"loc":{"start":{"line":219,"column":4},"end":{"line":240,"column":5}},"type":"if","locations":[{"start":{"line":219,"column":4},"end":{"line":240,"column":5}},{"start":{"line":233,"column":11},"end":{"line":240,"column":5}}],"line":219},"15":{"loc":{"start":{"line":221,"column":8},"end":{"line":232,"column":9}},"type":"if","locations":[{"start":{"line":221,"column":8},"end":{"line":232,"column":9}},{"start":{},"end":{}}],"line":221},"16":{"loc":{"start":{"line":224,"column":16},"end":{"line":230,"column":17}},"type":"if","locations":[{"start":{"line":224,"column":16},"end":{"line":230,"column":17}},{"start":{},"end":{}}],"line":224},"17":{"loc":{"start":{"line":224,"column":20},"end":{"line":225,"column":79}},"type":"binary-expr","locations":[{"start":{"line":224,"column":20},"end":{"line":224,"column":36}},{"start":{"line":224,"column":40},"end":{"line":224,"column":77}},{"start":{"line":225,"column":20},"end":{"line":225,"column":39}},{"start":{"line":225,"column":43},"end":{"line":225,"column":79}}],"line":224},"18":{"loc":{"start":{"line":287,"column":4},"end":{"line":289,"column":5}},"type":"if","locations":[{"start":{"line":287,"column":4},"end":{"line":289,"column":5}},{"start":{},"end":{}}],"line":287},"19":{"loc":{"start":{"line":300,"column":12},"end":{"line":308,"column":13}},"type":"if","locations":[{"start":{"line":300,"column":12},"end":{"line":308,"column":13}},{"start":{},"end":{}}],"line":300}},"s":{"0":19,"1":19,"2":19,"3":2,"4":19,"5":19,"6":19,"7":19,"8":19,"9":19,"10":19,"11":19,"12":19,"13":19,"14":19,"15":19,"16":19,"17":19,"18":19,"19":19,"20":19,"21":19,"22":19,"23":19,"24":19,"25":19,"26":19,"27":19,"28":19,"29":19,"30":0,"31":19,"32":19,"33":2,"34":2,"35":2,"36":2,"37":2,"38":2,"39":19,"40":2,"41":2,"42":2,"43":2,"44":2,"45":2,"46":19,"47":0,"48":19,"49":0,"50":19,"51":19,"52":9,"53":74,"54":74,"55":2,"56":2,"57":2,"58":2,"59":2,"60":2,"61":2,"62":2,"63":25,"64":25,"65":25,"66":18,"67":18,"68":18,"69":3,"70":3,"71":1,"72":2,"73":2,"74":2,"75":2,"76":2,"77":2,"78":2,"79":2,"80":2,"81":4,"82":4,"83":4,"84":4,"85":1,"86":1,"87":1,"88":1,"89":1,"90":1,"91":1,"92":24,"93":24,"94":24,"95":15,"96":15,"97":15,"98":5,"99":5,"100":1,"101":4,"102":1,"103":3,"104":3,"105":4,"106":4,"107":4,"108":3,"109":3,"110":2,"111":2,"112":2,"113":2,"114":2,"115":1,"116":1,"117":1,"118":1,"119":1,"120":1,"121":0,"122":0,"123":2,"124":2,"125":5,"126":5,"127":5,"128":5,"129":5,"130":4,"131":4,"132":4,"133":4,"134":6,"135":3,"136":3,"137":3,"138":3,"139":1,"140":1,"141":1,"142":1,"143":1,"144":1,"145":1,"146":1,"147":1,"148":3,"149":3,"150":3,"151":3,"152":3,"153":3,"154":4,"155":4,"156":4,"157":1,"158":1,"159":1,"160":1,"161":19,"162":13,"163":13,"164":13,"165":13,"166":13,"167":13,"168":13,"169":13,"170":13,"171":13,"172":39,"173":39,"174":39,"175":39,"176":39,"177":39,"178":39,"179":39,"180":39,"181":117,"182":39,"183":19},"f":{"0":2,"1":0,"2":2,"3":2,"4":0,"5":0,"6":9,"7":74,"8":2,"9":25,"10":18,"11":3,"12":2,"13":4,"14":1,"15":24,"16":15,"17":5,"18":4,"19":3,"20":2,"21":5,"22":6,"23":1,"24":1,"25":1,"26":3,"27":4,"28":1,"29":13,"30":39,"31":39,"32":117},"b":{"0":[42,32],"1":[1,2],"2":[2,0],"3":[1,4],"4":[1,3],"5":[3,0],"6":[1,1],"7":[1,0],"8":[1,0],"9":[0,1],"10":[1],"11":[1],"12":[5,0],"13":[5,0],"14":[4,1],"15":[4,0],"16":[3,3],"17":[6,3,3,3],"18":[13,0],"19":[39,0]},"_coverageSchema":"1a1c01bbd47fc00a2c39e90264f33305004495a9","hash":"41d1ae61e240f61fbea2263fd837b847a0cc5bb8"}
}
