{"C:\\Users\\Dell\\Desktop\\TDD-Javascript\\script.js": {"path":"C:\\Users\\Dell\\Desktop\\TDD-Javascript\\script.js","statementMap":{"0":{"start":{"line":1,"column":16},"end":{"line":1,"column":50}},"1":{"start":{"line":2,"column":13},"end":{"line":2,"column":52}},"2":{"start":{"line":4,"column":0},"end":{"line":6,"column":3}},"3":{"start":{"line":5,"column":4},"end":{"line":5,"column":39}},"4":{"start":{"line":9,"column":22},"end":{"line":9,"column":57}},"5":{"start":{"line":10,"column":23},"end":{"line":10,"column":59}},"6":{"start":{"line":11,"column":22},"end":{"line":11,"column":57}},"7":{"start":{"line":12,"column":21},"end":{"line":12,"column":55}},"8":{"start":{"line":13,"column":20},"end":{"line":13,"column":60}},"9":{"start":{"line":14,"column":23},"end":{"line":14,"column":66}},"10":{"start":{"line":15,"column":18},"end":{"line":15,"column":54}},"11":{"start":{"line":18,"column":23},"end":{"line":18,"column":59}},"12":{"start":{"line":19,"column":24},"end":{"line":19,"column":66}},"13":{"start":{"line":20,"column":24},"end":{"line":20,"column":68}},"14":{"start":{"line":21,"column":20},"end":{"line":21,"column":58}},"15":{"start":{"line":22,"column":20},"end":{"line":22,"column":58}},"16":{"start":{"line":23,"column":28},"end":{"line":23,"column":74}},"17":{"start":{"line":26,"column":0},"end":{"line":26,"column":56}},"18":{"start":{"line":27,"column":0},"end":{"line":27,"column":64}},"19":{"start":{"line":28,"column":0},"end":{"line":28,"column":62}},"20":{"start":{"line":31,"column":0},"end":{"line":31,"column":48}},"21":{"start":{"line":32,"column":0},"end":{"line":32,"column":45}},"22":{"start":{"line":33,"column":0},"end":{"line":33,"column":60}},"23":{"start":{"line":37,"column":4},"end":{"line":37,"column":52}},"24":{"start":{"line":42,"column":17},"end":{"line":42,"column":42}},"25":{"start":{"line":43,"column":4},"end":{"line":43,"column":40}},"26":{"start":{"line":47,"column":4},"end":{"line":47,"column":27}},"27":{"start":{"line":48,"column":17},"end":{"line":53,"column":5}},"28":{"start":{"line":54,"column":18},"end":{"line":54,"column":47}},"29":{"start":{"line":55,"column":4},"end":{"line":55,"column":21}},"30":{"start":{"line":56,"column":4},"end":{"line":56,"column":39}},"31":{"start":{"line":57,"column":4},"end":{"line":57,"column":18}},"32":{"start":{"line":58,"column":4},"end":{"line":58,"column":24}},"33":{"start":{"line":62,"column":18},"end":{"line":62,"column":47}},"34":{"start":{"line":63,"column":4},"end":{"line":63,"column":34}},"35":{"start":{"line":64,"column":4},"end":{"line":77,"column":7}},"36":{"start":{"line":65,"column":20},"end":{"line":65,"column":48}},"37":{"start":{"line":66,"column":8},"end":{"line":75,"column":10}},"38":{"start":{"line":76,"column":8},"end":{"line":76,"column":40}},"39":{"start":{"line":81,"column":18},"end":{"line":81,"column":44}},"40":{"start":{"line":82,"column":4},"end":{"line":86,"column":5}},"41":{"start":{"line":83,"column":8},"end":{"line":83,"column":24}},"42":{"start":{"line":84,"column":11},"end":{"line":86,"column":5}},"43":{"start":{"line":85,"column":8},"end":{"line":85,"column":26}},"44":{"start":{"line":90,"column":18},"end":{"line":90,"column":47}},"45":{"start":{"line":91,"column":17},"end":{"line":91,"column":29}},"46":{"start":{"line":92,"column":4},"end":{"line":92,"column":40}},"47":{"start":{"line":93,"column":4},"end":{"line":93,"column":42}},"48":{"start":{"line":94,"column":4},"end":{"line":94,"column":40}},"49":{"start":{"line":95,"column":4},"end":{"line":95,"column":38}},"50":{"start":{"line":96,"column":4},"end":{"line":96,"column":22}},"51":{"start":{"line":100,"column":18},"end":{"line":100,"column":47}},"52":{"start":{"line":101,"column":4},"end":{"line":101,"column":27}},"53":{"start":{"line":102,"column":4},"end":{"line":102,"column":39}},"54":{"start":{"line":103,"column":4},"end":{"line":103,"column":18}},"55":{"start":{"line":108,"column":4},"end":{"line":108,"column":27}},"56":{"start":{"line":109,"column":18},"end":{"line":111,"column":5}},"57":{"start":{"line":112,"column":19},"end":{"line":112,"column":49}},"58":{"start":{"line":113,"column":4},"end":{"line":113,"column":23}},"59":{"start":{"line":114,"column":4},"end":{"line":114,"column":41}},"60":{"start":{"line":115,"column":4},"end":{"line":115,"column":19}},"61":{"start":{"line":116,"column":4},"end":{"line":116,"column":28}},"62":{"start":{"line":120,"column":19},"end":{"line":120,"column":49}},"63":{"start":{"line":121,"column":4},"end":{"line":121,"column":35}},"64":{"start":{"line":122,"column":4},"end":{"line":122,"column":31}},"65":{"start":{"line":123,"column":4},"end":{"line":137,"column":7}},"66":{"start":{"line":124,"column":20},"end":{"line":124,"column":48}},"67":{"start":{"line":125,"column":8},"end":{"line":131,"column":10}},"68":{"start":{"line":132,"column":8},"end":{"line":132,"column":41}},"69":{"start":{"line":133,"column":23},"end":{"line":133,"column":55}},"70":{"start":{"line":134,"column":8},"end":{"line":134,"column":29}},"71":{"start":{"line":135,"column":8},"end":{"line":135,"column":45}},"72":{"start":{"line":136,"column":8},"end":{"line":136,"column":40}},"73":{"start":{"line":141,"column":4},"end":{"line":141,"column":27}},"74":{"start":{"line":142,"column":23},"end":{"line":142,"column":40}},"75":{"start":{"line":143,"column":26},"end":{"line":143,"column":93}},"76":{"start":{"line":143,"column":80},"end":{"line":143,"column":92}},"77":{"start":{"line":144,"column":19},"end":{"line":144,"column":49}},"78":{"start":{"line":145,"column":18},"end":{"line":145,"column":36}},"79":{"start":{"line":146,"column":4},"end":{"line":146,"column":39}},"80":{"start":{"line":147,"column":4},"end":{"line":147,"column":41}},"81":{"start":{"line":151,"column":18},"end":{"line":151,"column":44}},"82":{"start":{"line":152,"column":4},"end":{"line":156,"column":5}},"83":{"start":{"line":153,"column":8},"end":{"line":153,"column":25}},"84":{"start":{"line":154,"column":11},"end":{"line":156,"column":5}},"85":{"start":{"line":155,"column":8},"end":{"line":155,"column":27}},"86":{"start":{"line":160,"column":19},"end":{"line":160,"column":49}},"87":{"start":{"line":161,"column":18},"end":{"line":161,"column":31}},"88":{"start":{"line":162,"column":4},"end":{"line":162,"column":43}},"89":{"start":{"line":163,"column":4},"end":{"line":163,"column":23}},"90":{"start":{"line":167,"column":19},"end":{"line":167,"column":49}},"91":{"start":{"line":168,"column":4},"end":{"line":168,"column":28}},"92":{"start":{"line":169,"column":4},"end":{"line":169,"column":41}},"93":{"start":{"line":170,"column":4},"end":{"line":170,"column":19}},"94":{"start":{"line":173,"column":0},"end":{"line":191,"column":3}},"95":{"start":{"line":174,"column":4},"end":{"line":174,"column":18}},"96":{"start":{"line":175,"column":4},"end":{"line":175,"column":19}},"97":{"start":{"line":176,"column":27},"end":{"line":176,"column":69}},"98":{"start":{"line":177,"column":28},"end":{"line":177,"column":71}},"99":{"start":{"line":178,"column":27},"end":{"line":178,"column":69}},"100":{"start":{"line":180,"column":4},"end":{"line":190,"column":7}},"101":{"start":{"line":181,"column":8},"end":{"line":189,"column":11}},"102":{"start":{"line":182,"column":12},"end":{"line":182,"column":35}},"103":{"start":{"line":183,"column":12},"end":{"line":183,"column":54}},"104":{"start":{"line":184,"column":12},"end":{"line":184,"column":55}},"105":{"start":{"line":185,"column":12},"end":{"line":185,"column":54}},"106":{"start":{"line":187,"column":27},"end":{"line":187,"column":76}},"107":{"start":{"line":188,"column":12},"end":{"line":188,"column":43}},"108":{"start":{"line":193,"column":0},"end":{"line":196,"column":1}}},"fnMap":{"0":{"name":"(anonymous_0)","decl":{"start":{"line":4,"column":31},"end":{"line":4,"column":32}},"loc":{"start":{"line":4,"column":37},"end":{"line":6,"column":1}},"line":4},"1":{"name":"saveToLocalStorage","decl":{"start":{"line":36,"column":9},"end":{"line":36,"column":27}},"loc":{"start":{"line":36,"column":39},"end":{"line":38,"column":1}},"line":36},"2":{"name":"loadFromLocalStorage","decl":{"start":{"line":41,"column":9},"end":{"line":41,"column":29}},"loc":{"start":{"line":41,"column":35},"end":{"line":44,"column":1}},"line":41},"3":{"name":"addUser","decl":{"start":{"line":46,"column":9},"end":{"line":46,"column":16}},"loc":{"start":{"line":46,"column":24},"end":{"line":59,"column":1}},"line":46},"4":{"name":"renderUsers","decl":{"start":{"line":61,"column":9},"end":{"line":61,"column":20}},"loc":{"start":{"line":61,"column":23},"end":{"line":78,"column":1}},"line":61},"5":{"name":"(anonymous_5)","decl":{"start":{"line":64,"column":18},"end":{"line":64,"column":19}},"loc":{"start":{"line":64,"column":35},"end":{"line":77,"column":5}},"line":64},"6":{"name":"handleUserActions","decl":{"start":{"line":80,"column":9},"end":{"line":80,"column":26}},"loc":{"start":{"line":80,"column":34},"end":{"line":87,"column":1}},"line":80},"7":{"name":"editUser","decl":{"start":{"line":89,"column":9},"end":{"line":89,"column":17}},"loc":{"start":{"line":89,"column":25},"end":{"line":97,"column":1}},"line":89},"8":{"name":"deleteUser","decl":{"start":{"line":99,"column":9},"end":{"line":99,"column":19}},"loc":{"start":{"line":99,"column":27},"end":{"line":104,"column":1}},"line":99},"9":{"name":"createGroup","decl":{"start":{"line":107,"column":9},"end":{"line":107,"column":20}},"loc":{"start":{"line":107,"column":28},"end":{"line":117,"column":1}},"line":107},"10":{"name":"renderGroups","decl":{"start":{"line":119,"column":9},"end":{"line":119,"column":21}},"loc":{"start":{"line":119,"column":24},"end":{"line":138,"column":1}},"line":119},"11":{"name":"(anonymous_11)","decl":{"start":{"line":123,"column":19},"end":{"line":123,"column":20}},"loc":{"start":{"line":123,"column":37},"end":{"line":137,"column":5}},"line":123},"12":{"name":"addUsersToGroup","decl":{"start":{"line":140,"column":9},"end":{"line":140,"column":24}},"loc":{"start":{"line":140,"column":32},"end":{"line":148,"column":1}},"line":140},"13":{"name":"(anonymous_13)","decl":{"start":{"line":143,"column":70},"end":{"line":143,"column":71}},"loc":{"start":{"line":143,"column":80},"end":{"line":143,"column":92}},"line":143},"14":{"name":"handleGroupActions","decl":{"start":{"line":150,"column":9},"end":{"line":150,"column":27}},"loc":{"start":{"line":150,"column":35},"end":{"line":157,"column":1}},"line":150},"15":{"name":"editGroup","decl":{"start":{"line":159,"column":9},"end":{"line":159,"column":18}},"loc":{"start":{"line":159,"column":26},"end":{"line":164,"column":1}},"line":159},"16":{"name":"deleteGroup","decl":{"start":{"line":166,"column":9},"end":{"line":166,"column":20}},"loc":{"start":{"line":166,"column":28},"end":{"line":171,"column":1}},"line":166},"17":{"name":"(anonymous_17)","decl":{"start":{"line":173,"column":46},"end":{"line":173,"column":47}},"loc":{"start":{"line":173,"column":52},"end":{"line":191,"column":1}},"line":173},"18":{"name":"(anonymous_18)","decl":{"start":{"line":180,"column":58},"end":{"line":180,"column":59}},"loc":{"start":{"line":180,"column":66},"end":{"line":190,"column":5}},"line":180},"19":{"name":"(anonymous_19)","decl":{"start":{"line":181,"column":39},"end":{"line":181,"column":40}},"loc":{"start":{"line":181,"column":55},"end":{"line":189,"column":9}},"line":181}},"branchMap":{"0":{"loc":{"start":{"line":43,"column":11},"end":{"line":43,"column":39}},"type":"cond-expr","locations":[{"start":{"line":43,"column":18},"end":{"line":43,"column":34}},{"start":{"line":43,"column":37},"end":{"line":43,"column":39}}],"line":43},"1":{"loc":{"start":{"line":82,"column":4},"end":{"line":86,"column":5}},"type":"if","locations":[{"start":{"line":82,"column":4},"end":{"line":86,"column":5}},{"start":{"line":84,"column":11},"end":{"line":86,"column":5}}],"line":82},"2":{"loc":{"start":{"line":84,"column":11},"end":{"line":86,"column":5}},"type":"if","locations":[{"start":{"line":84,"column":11},"end":{"line":86,"column":5}},{"start":{},"end":{}}],"line":84},"3":{"loc":{"start":{"line":152,"column":4},"end":{"line":156,"column":5}},"type":"if","locations":[{"start":{"line":152,"column":4},"end":{"line":156,"column":5}},{"start":{"line":154,"column":11},"end":{"line":156,"column":5}}],"line":152},"4":{"loc":{"start":{"line":154,"column":11},"end":{"line":156,"column":5}},"type":"if","locations":[{"start":{"line":154,"column":11},"end":{"line":156,"column":5}},{"start":{},"end":{}}],"line":154}},"s":{"0":4,"1":4,"2":4,"3":0,"4":4,"5":4,"6":4,"7":4,"8":4,"9":4,"10":4,"11":4,"12":4,"13":4,"14":4,"15":4,"16":4,"17":4,"18":4,"19":4,"20":4,"21":4,"22":4,"23":3,"24":9,"25":9,"26":2,"27":2,"28":2,"29":2,"30":2,"31":2,"32":2,"33":6,"34":6,"35":6,"36":8,"37":8,"38":8,"39":0,"40":0,"41":0,"42":0,"43":0,"44":0,"45":0,"46":0,"47":0,"48":0,"49":0,"50":0,"51":1,"52":1,"53":1,"54":1,"55":0,"56":0,"57":0,"58":0,"59":0,"60":0,"61":0,"62":0,"63":0,"64":0,"65":0,"66":0,"67":0,"68":0,"69":0,"70":0,"71":0,"72":0,"73":0,"74":0,"75":0,"76":0,"77":0,"78":0,"79":0,"80":0,"81":0,"82":0,"83":0,"84":0,"85":0,"86":0,"87":0,"88":0,"89":0,"90":0,"91":0,"92":0,"93":0,"94":4,"95":0,"96":0,"97":0,"98":0,"99":0,"100":0,"101":0,"102":0,"103":0,"104":0,"105":0,"106":0,"107":0,"108":4},"f":{"0":0,"1":3,"2":9,"3":2,"4":6,"5":8,"6":0,"7":0,"8":1,"9":0,"10":0,"11":0,"12":0,"13":0,"14":0,"15":0,"16":0,"17":0,"18":0,"19":0},"b":{"0":[5,4],"1":[0,0],"2":[0,0],"3":[0,0],"4":[0,0]},"_coverageSchema":"1a1c01bbd47fc00a2c39e90264f33305004495a9","hash":"3bb6f3a7dc556e9ce5a0d10e14186d95ec4917a3"}
}
