TN:
SF:script.js
FN:4,(anonymous_0)
FN:40,(anonymous_1)
FN:44,(anonymous_2)
FN:52,(anonymous_3)
FN:60,(anonymous_4)
FN:61,(anonymous_5)
FN:65,saveToLocalStorage
FN:70,loadFromLocalStorage
FN:76,addUser
FN:92,renderUsers
FN:95,(anonymous_10)
FN:111,handleUserActions
FN:120,editUser
FN:130,deleteUser
FN:138,createGroup
FN:151,renderGroups
FN:154,(anonymous_16)
FN:168,handleGroupActions
FN:179,openAddRemoveUserModal
FN:184,closeAddRemoveUserModal
FN:189,handleAddRemoveUser
FN:212,populateUserSelect
FN:223,(anonymous_22)
FN:234,(anonymous_23)
FN:244,openViewGroupModal
FN:249,closeViewGroupModal
FN:253,displayGroupDetails
FN:259,(anonymous_27)
FN:265,deleteGroup
FN:273,(anonymous_29)
FN:292,(anonymous_30)
FN:293,(anonymous_31)
FN:303,(anonymous_32)
FNF:33
FNH:30
FNDA:2,(anonymous_0)
FNDA:0,(anonymous_1)
FNDA:2,(anonymous_2)
FNDA:2,(anonymous_3)
FNDA:0,(anonymous_4)
FNDA:0,(anonymous_5)
FNDA:9,saveToLocalStorage
FNDA:74,loadFromLocalStorage
FNDA:2,addUser
FNDA:25,renderUsers
FNDA:18,(anonymous_10)
FNDA:3,handleUserActions
FNDA:2,editUser
FNDA:4,deleteUser
FNDA:1,createGroup
FNDA:24,renderGroups
FNDA:15,(anonymous_16)
FNDA:5,handleGroupActions
FNDA:4,openAddRemoveUserModal
FNDA:3,closeAddRemoveUserModal
FNDA:2,handleAddRemoveUser
FNDA:5,populateUserSelect
FNDA:6,(anonymous_22)
FNDA:1,(anonymous_23)
FNDA:1,openViewGroupModal
FNDA:1,closeViewGroupModal
FNDA:3,displayGroupDetails
FNDA:4,(anonymous_27)
FNDA:1,deleteGroup
FNDA:13,(anonymous_29)
FNDA:39,(anonymous_30)
FNDA:39,(anonymous_31)
FNDA:117,(anonymous_32)
DA:1,19
DA:2,19
DA:4,19
DA:5,2
DA:9,19
DA:10,19
DA:11,19
DA:12,19
DA:13,19
DA:14,19
DA:15,19
DA:16,19
DA:17,19
DA:18,19
DA:21,19
DA:22,19
DA:23,19
DA:24,19
DA:25,19
DA:26,19
DA:27,19
DA:28,19
DA:31,19
DA:32,19
DA:35,19
DA:36,19
DA:37,19
DA:38,19
DA:39,19
DA:40,19
DA:41,0
DA:43,19
DA:44,19
DA:45,2
DA:46,2
DA:47,2
DA:48,2
DA:49,2
DA:50,2
DA:52,19
DA:53,2
DA:54,2
DA:55,2
DA:56,2
DA:57,2
DA:58,2
DA:60,19
DA:61,19
DA:62,19
DA:63,19
DA:66,9
DA:71,74
DA:72,74
DA:77,2
DA:78,2
DA:79,2
DA:85,2
DA:86,2
DA:87,2
DA:88,2
DA:89,2
DA:93,25
DA:94,25
DA:95,25
DA:96,18
DA:97,18
DA:107,18
DA:112,3
DA:113,3
DA:114,1
DA:115,2
DA:116,2
DA:121,2
DA:122,2
DA:123,2
DA:124,2
DA:125,2
DA:126,2
DA:127,2
DA:131,4
DA:132,4
DA:133,4
DA:134,4
DA:139,1
DA:140,1
DA:144,1
DA:145,1
DA:146,1
DA:147,1
DA:148,1
DA:152,24
DA:153,24
DA:154,24
DA:155,15
DA:156,15
DA:164,15
DA:169,5
DA:170,5
DA:171,1
DA:172,4
DA:173,1
DA:174,3
DA:175,3
DA:180,4
DA:181,4
DA:182,4
DA:185,3
DA:186,3
DA:190,2
DA:191,2
DA:193,2
DA:194,2
DA:196,2
DA:197,1
DA:198,1
DA:199,1
DA:201,1
DA:202,1
DA:203,1
DA:204,0
DA:205,0
DA:209,2
DA:210,2
DA:213,5
DA:214,5
DA:215,5
DA:217,5
DA:219,5
DA:220,4
DA:221,4
DA:222,4
DA:223,4
DA:224,6
DA:226,3
DA:227,3
DA:228,3
DA:229,3
DA:234,1
DA:235,1
DA:236,1
DA:237,1
DA:238,1
DA:245,1
DA:246,1
DA:250,1
DA:251,1
DA:254,3
DA:255,3
DA:256,3
DA:257,3
DA:258,3
DA:259,3
DA:260,4
DA:261,4
DA:262,4
DA:266,1
DA:267,1
DA:268,1
DA:269,1
DA:273,19
DA:274,13
DA:275,13
DA:278,13
DA:279,13
DA:280,13
DA:283,13
DA:286,13
DA:287,13
DA:288,13
DA:292,13
DA:293,39
DA:294,39
DA:295,39
DA:296,39
DA:297,39
DA:299,39
DA:300,39
DA:301,39
DA:303,39
DA:304,117
DA:307,39
DA:312,19
LF:182
LH:179
BRDA:72,0,0,42
BRDA:72,0,1,32
BRDA:113,1,0,1
BRDA:113,1,1,2
BRDA:115,2,0,2
BRDA:115,2,1,0
BRDA:170,3,0,1
BRDA:170,3,1,4
BRDA:172,4,0,1
BRDA:172,4,1,3
BRDA:174,5,0,3
BRDA:174,5,1,0
BRDA:196,6,0,1
BRDA:196,6,1,1
BRDA:197,7,0,1
BRDA:197,7,1,0
BRDA:201,8,0,1
BRDA:201,8,1,0
BRDA:203,9,0,0
BRDA:203,9,1,1
BRDA:212,10,0,1
BRDA:212,11,0,1
BRDA:214,12,0,5
BRDA:214,12,1,0
BRDA:215,13,0,5
BRDA:215,13,1,0
BRDA:219,14,0,4
BRDA:219,14,1,1
BRDA:221,15,0,4
BRDA:221,15,1,0
BRDA:224,16,0,3
BRDA:224,16,1,3
BRDA:224,17,0,6
BRDA:224,17,1,3
BRDA:224,17,2,3
BRDA:224,17,3,3
BRDA:287,18,0,13
BRDA:287,18,1,0
BRDA:300,19,0,39
BRDA:300,19,1,0
BRF:40
BRH:30
end_of_record
