TN:
SF:script.js
FN:4,(anonymous_0)
FN:36,saveToLocalStorage
FN:41,loadFromLocalStorage
FN:46,addUser
FN:61,renderUsers
FN:64,(anonymous_5)
FN:80,handleUserActions
FN:89,editUser
FN:99,deleteUser
FN:107,createGroup
FN:119,renderGroups
FN:123,(anonymous_11)
FN:140,addUsersToGroup
FN:143,(anonymous_13)
FN:150,handleGroupActions
FN:159,editGroup
FN:166,deleteGroup
FN:173,(anonymous_17)
FN:180,(anonymous_18)
FN:181,(anonymous_19)
FNF:20
FNH:6
FNDA:0,(anonymous_0)
FNDA:3,saveToLocalStorage
FNDA:9,loadFromLocalStorage
FNDA:2,addUser
FNDA:6,renderUsers
FNDA:8,(anonymous_5)
FNDA:0,handleUserActions
FNDA:0,editUser
FNDA:1,deleteUser
FNDA:0,createGroup
FNDA:0,renderGroups
FNDA:0,(anonymous_11)
FNDA:0,addUsersToGroup
FNDA:0,(anonymous_13)
FNDA:0,handleGroupActions
FNDA:0,editGroup
FNDA:0,deleteGroup
FNDA:0,(anonymous_17)
FNDA:0,(anonymous_18)
FNDA:0,(anonymous_19)
DA:1,4
DA:2,4
DA:4,4
DA:5,0
DA:9,4
DA:10,4
DA:11,4
DA:12,4
DA:13,4
DA:14,4
DA:15,4
DA:18,4
DA:19,4
DA:20,4
DA:21,4
DA:22,4
DA:23,4
DA:26,4
DA:27,4
DA:28,4
DA:31,4
DA:32,4
DA:33,4
DA:37,3
DA:42,9
DA:43,9
DA:47,2
DA:48,2
DA:54,2
DA:55,2
DA:56,2
DA:57,2
DA:58,2
DA:62,6
DA:63,6
DA:64,6
DA:65,8
DA:66,8
DA:76,8
DA:81,0
DA:82,0
DA:83,0
DA:84,0
DA:85,0
DA:90,0
DA:91,0
DA:92,0
DA:93,0
DA:94,0
DA:95,0
DA:96,0
DA:100,1
DA:101,1
DA:102,1
DA:103,1
DA:108,0
DA:109,0
DA:112,0
DA:113,0
DA:114,0
DA:115,0
DA:116,0
DA:120,0
DA:121,0
DA:122,0
DA:123,0
DA:124,0
DA:125,0
DA:132,0
DA:133,0
DA:134,0
DA:135,0
DA:136,0
DA:141,0
DA:142,0
DA:143,0
DA:144,0
DA:145,0
DA:146,0
DA:147,0
DA:151,0
DA:152,0
DA:153,0
DA:154,0
DA:155,0
DA:160,0
DA:161,0
DA:162,0
DA:163,0
DA:167,0
DA:168,0
DA:169,0
DA:170,0
DA:173,4
DA:174,0
DA:175,0
DA:176,0
DA:177,0
DA:178,0
DA:180,0
DA:181,0
DA:182,0
DA:183,0
DA:184,0
DA:185,0
DA:187,0
DA:188,0
DA:193,4
LF:108
LH:44
BRDA:43,0,0,5
BRDA:43,0,1,4
BRDA:82,1,0,0
BRDA:82,1,1,0
BRDA:84,2,0,0
BRDA:84,2,1,0
BRDA:152,3,0,0
BRDA:152,3,1,0
BRDA:154,4,0,0
BRDA:154,4,1,0
BRF:10
BRH:2
end_of_record
